<?xml version="1.0" encoding="UTF-8"?>
<testsuites name="Mocha Tests" time="1.4800" tests="5" failures="1">
  <testsuite name="Root Suite" timestamp="2022-06-22T13:40:26" tests="0" file="cypress/integration/1-getting-started/todo_interactions.spec.js" time="0.0000" failures="0">
  </testsuite>
  <testsuite name="[interactions] example to-do app" timestamp="2022-06-22T13:40:26" tests="2" time="0.8810" failures="0">
    <testcase name="[interactions] example to-do app can add new todo items" time="0.6530" classname="can add new todo items">
    </testcase>
    <testcase name="[interactions] example to-do app can check off an item as completed" time="0.2280" classname="can check off an item as completed">
    </testcase>
  </testsuite>
  <testsuite name="with a checked task" timestamp="2022-06-22T13:40:28" tests="3" time="0.5990" failures="1">
    <testcase name="[interactions] example to-do app with a checked task can filter for uncompleted tasks" time="0.3060" classname="can filter for uncompleted tasks">
    </testcase>
    <testcase name="[interactions] example to-do app with a checked task can filter for completed tasks" time="0.2930" classname="can filter for completed tasks">
    </testcase>
    <testcase name="[interactions] example to-do app with a checked task can delete all completed tasks" time="0.0000" classname="can delete all completed tasks">
      <failure message="Timed out retrying after 4000ms: Not enough elements found. Found &apos;1&apos;, expected &apos;2&apos;." type="AssertionError"><![CDATA[AssertionError: Timed out retrying after 4000ms: Not enough elements found. Found '1', expected '2'.
    at Context.eval (https://example.cypress.io/__cypress/tests?p=cypress\integration\1-getting-started\todo_interactions.spec.js:186:31)]]></failure>
    </testcase>
  </testsuite>
</testsuites>